Build started 6/7/2017 11:15:24 AM.
     1>Project "C:\Users\Nicholas\Haven\GitHub_Repositories\sscait_bot\Steamhammer_source\SparCraft\VisualStudio\SparCraft.vcxproj" on node 3 (Build target(s)).
     1>ClCompile:
         C:\Program Files (x86)\Microsoft Visual Studio 12.0\VC\bin\CL.exe /c /IC:\Users\Nicholas\Haven\GitHub_Repositories\sscait_libraries\BWAPI_412\include /Zi /nologo /W3 /WX- /MP /Ox /Oi /Ot /Oy /GT /GL /D WIN32 /D NDEBUG /D _CONSOLE /D NOMINMAX /D _CRT_SECURE_NO_WARNINGS /D _UNICODE /D UNICODE /Gm- /EHsc /MD /GS /Gy /fp:precise /Zc:wchar_t /Zc:forScope /Fo"C:\Users\Nicholas\Haven\GitHub_Repositories\sscait_bot\Steamhammer_source\Steamhammer\VisualStudio\\Release\SparCraft\\" /Fd"C:\Users\Nicholas\Haven\GitHub_Repositories\sscait_bot\Steamhammer_source\Steamhammer\VisualStudio\\Release\SparCraft\vc120.pdb" /Gd /TP /analyze- /errorReport:prompt ..\source\Action.cpp ..\source\AllPlayers.cpp ..\source\AlphaBetaMove.cpp ..\source\AlphaBetaSearch.cpp ..\source\AnimationFrameData.cpp ..\source\Common.cpp ..\source\EnumData.cpp ..\source\Game.cpp ..\source\GameState.cpp ..\source\Hash.cpp ..\source\Logger.cpp ..\source\MoveArray.cpp ..\source\Player.cpp ..\source\PlayerProperties.cpp ..\source\Player_AlphaBeta.cpp ..\source\Player_AttackClosest.cpp ..\source\Player_AttackDPS.cpp ..\source\Player_AttackWeakest.cpp ..\source\Player_Cluster.cpp ..\source\Player_Kiter.cpp ..\source\Player_KiterDPS.cpp ..\source\Player_Kiter_NOKDPS.cpp ..\source\Player_NOKDPS.cpp ..\source\Player_PortfolioGreedySearch.cpp ..\source\Player_Random.cpp ..\source\Player_UCT.cpp ..\source\PortfolioGreedySearch.cpp ..\source\SparCraft.cpp ..\source\SparCraftAssert.cpp ..\source\SparCraftException.cpp ..\source\Timer.cpp ..\source\TranspositionTable.cpp ..\source\UCTSearch.cpp ..\source\Unit.cpp ..\source\UnitProperties.cpp ..\source\UnitScriptData.cpp ..\source\WeaponProperties.cpp
         Action.cpp
         AllPlayers.cpp
         AlphaBetaMove.cpp
         AlphaBetaSearch.cpp
         AnimationFrameData.cpp
         Common.cpp
         EnumData.cpp
         Game.cpp
         GameState.cpp
         Hash.cpp
         Logger.cpp
         MoveArray.cpp
         Player.cpp
         PlayerProperties.cpp
         Player_AlphaBeta.cpp
         Player_AttackClosest.cpp
         Player_AttackDPS.cpp
         Player_AttackWeakest.cpp
         Player_Cluster.cpp
         Player_Kiter.cpp
         Player_KiterDPS.cpp
         Player_Kiter_NOKDPS.cpp
         Player_NOKDPS.cpp
         Player_PortfolioGreedySearch.cpp
         Player_Random.cpp
         Player_UCT.cpp
         PortfolioGreedySearch.cpp
         SparCraft.cpp
         SparCraftAssert.cpp
         SparCraftException.cpp
         Timer.cpp
         TranspositionTable.cpp
         UCTSearch.cpp
         Unit.cpp
         UnitProperties.cpp
         UnitScriptData.cpp
         WeaponProperties.cpp
       Lib:
         C:\Program Files (x86)\Microsoft Visual Studio 12.0\VC\bin\Lib.exe /OUT:"C:\Users\Nicholas\Haven\GitHub_Repositories\sscait_bot\Steamhammer_source\Steamhammer\VisualStudio\\Release\SparCraft\SparCraft.lib" /NOLOGO /LTCG C:\Users\Nicholas\Haven\GitHub_Repositories\sscait_bot\Steamhammer_source\Steamhammer\VisualStudio\\Release\SparCraft\Action.obj
         C:\Users\Nicholas\Haven\GitHub_Repositories\sscait_bot\Steamhammer_source\Steamhammer\VisualStudio\\Release\SparCraft\AllPlayers.obj
         C:\Users\Nicholas\Haven\GitHub_Repositories\sscait_bot\Steamhammer_source\Steamhammer\VisualStudio\\Release\SparCraft\AlphaBetaMove.obj
         C:\Users\Nicholas\Haven\GitHub_Repositories\sscait_bot\Steamhammer_source\Steamhammer\VisualStudio\\Release\SparCraft\AlphaBetaSearch.obj
         C:\Users\Nicholas\Haven\GitHub_Repositories\sscait_bot\Steamhammer_source\Steamhammer\VisualStudio\\Release\SparCraft\AnimationFrameData.obj
         C:\Users\Nicholas\Haven\GitHub_Repositories\sscait_bot\Steamhammer_source\Steamhammer\VisualStudio\\Release\SparCraft\Common.obj
         C:\Users\Nicholas\Haven\GitHub_Repositories\sscait_bot\Steamhammer_source\Steamhammer\VisualStudio\\Release\SparCraft\EnumData.obj
         C:\Users\Nicholas\Haven\GitHub_Repositories\sscait_bot\Steamhammer_source\Steamhammer\VisualStudio\\Release\SparCraft\Game.obj
         C:\Users\Nicholas\Haven\GitHub_Repositories\sscait_bot\Steamhammer_source\Steamhammer\VisualStudio\\Release\SparCraft\GameState.obj
         C:\Users\Nicholas\Haven\GitHub_Repositories\sscait_bot\Steamhammer_source\Steamhammer\VisualStudio\\Release\SparCraft\Hash.obj
         C:\Users\Nicholas\Haven\GitHub_Repositories\sscait_bot\Steamhammer_source\Steamhammer\VisualStudio\\Release\SparCraft\Logger.obj
         C:\Users\Nicholas\Haven\GitHub_Repositories\sscait_bot\Steamhammer_source\Steamhammer\VisualStudio\\Release\SparCraft\MoveArray.obj
         C:\Users\Nicholas\Haven\GitHub_Repositories\sscait_bot\Steamhammer_source\Steamhammer\VisualStudio\\Release\SparCraft\Player.obj
         C:\Users\Nicholas\Haven\GitHub_Repositories\sscait_bot\Steamhammer_source\Steamhammer\VisualStudio\\Release\SparCraft\PlayerProperties.obj
         C:\Users\Nicholas\Haven\GitHub_Repositories\sscait_bot\Steamhammer_source\Steamhammer\VisualStudio\\Release\SparCraft\Player_AlphaBeta.obj
         C:\Users\Nicholas\Haven\GitHub_Repositories\sscait_bot\Steamhammer_source\Steamhammer\VisualStudio\\Release\SparCraft\Player_AttackClosest.obj
         C:\Users\Nicholas\Haven\GitHub_Repositories\sscait_bot\Steamhammer_source\Steamhammer\VisualStudio\\Release\SparCraft\Player_AttackDPS.obj
         C:\Users\Nicholas\Haven\GitHub_Repositories\sscait_bot\Steamhammer_source\Steamhammer\VisualStudio\\Release\SparCraft\Player_AttackWeakest.obj
         C:\Users\Nicholas\Haven\GitHub_Repositories\sscait_bot\Steamhammer_source\Steamhammer\VisualStudio\\Release\SparCraft\Player_Cluster.obj
         C:\Users\Nicholas\Haven\GitHub_Repositories\sscait_bot\Steamhammer_source\Steamhammer\VisualStudio\\Release\SparCraft\Player_Kiter.obj
         C:\Users\Nicholas\Haven\GitHub_Repositories\sscait_bot\Steamhammer_source\Steamhammer\VisualStudio\\Release\SparCraft\Player_KiterDPS.obj
         C:\Users\Nicholas\Haven\GitHub_Repositories\sscait_bot\Steamhammer_source\Steamhammer\VisualStudio\\Release\SparCraft\Player_Kiter_NOKDPS.obj
         C:\Users\Nicholas\Haven\GitHub_Repositories\sscait_bot\Steamhammer_source\Steamhammer\VisualStudio\\Release\SparCraft\Player_NOKDPS.obj
         C:\Users\Nicholas\Haven\GitHub_Repositories\sscait_bot\Steamhammer_source\Steamhammer\VisualStudio\\Release\SparCraft\Player_PortfolioGreedySearch.obj
         C:\Users\Nicholas\Haven\GitHub_Repositories\sscait_bot\Steamhammer_source\Steamhammer\VisualStudio\\Release\SparCraft\Player_Random.obj
         C:\Users\Nicholas\Haven\GitHub_Repositories\sscait_bot\Steamhammer_source\Steamhammer\VisualStudio\\Release\SparCraft\Player_UCT.obj
         C:\Users\Nicholas\Haven\GitHub_Repositories\sscait_bot\Steamhammer_source\Steamhammer\VisualStudio\\Release\SparCraft\PortfolioGreedySearch.obj
         C:\Users\Nicholas\Haven\GitHub_Repositories\sscait_bot\Steamhammer_source\Steamhammer\VisualStudio\\Release\SparCraft\SparCraft.obj
         C:\Users\Nicholas\Haven\GitHub_Repositories\sscait_bot\Steamhammer_source\Steamhammer\VisualStudio\\Release\SparCraft\SparCraftAssert.obj
         C:\Users\Nicholas\Haven\GitHub_Repositories\sscait_bot\Steamhammer_source\Steamhammer\VisualStudio\\Release\SparCraft\SparCraftException.obj
         C:\Users\Nicholas\Haven\GitHub_Repositories\sscait_bot\Steamhammer_source\Steamhammer\VisualStudio\\Release\SparCraft\Timer.obj
         C:\Users\Nicholas\Haven\GitHub_Repositories\sscait_bot\Steamhammer_source\Steamhammer\VisualStudio\\Release\SparCraft\TranspositionTable.obj
         C:\Users\Nicholas\Haven\GitHub_Repositories\sscait_bot\Steamhammer_source\Steamhammer\VisualStudio\\Release\SparCraft\UCTSearch.obj
         C:\Users\Nicholas\Haven\GitHub_Repositories\sscait_bot\Steamhammer_source\Steamhammer\VisualStudio\\Release\SparCraft\Unit.obj
         C:\Users\Nicholas\Haven\GitHub_Repositories\sscait_bot\Steamhammer_source\Steamhammer\VisualStudio\\Release\SparCraft\UnitProperties.obj
         C:\Users\Nicholas\Haven\GitHub_Repositories\sscait_bot\Steamhammer_source\Steamhammer\VisualStudio\\Release\SparCraft\UnitScriptData.obj
         C:\Users\Nicholas\Haven\GitHub_Repositories\sscait_bot\Steamhammer_source\Steamhammer\VisualStudio\\Release\SparCraft\WeaponProperties.obj
         SparCraft.vcxproj -> C:\Users\Nicholas\Haven\GitHub_Repositories\sscait_bot\Steamhammer_source\Steamhammer\VisualStudio\\Release\SparCraft\SparCraft.lib
     1>Done Building Project "C:\Users\Nicholas\Haven\GitHub_Repositories\sscait_bot\Steamhammer_source\SparCraft\VisualStudio\SparCraft.vcxproj" (Build target(s)).

Build succeeded.

Time Elapsed 00:00:41.99
